2026-04-26 14:21:11 [INFO] Nexus Active | ETHUSDT | M5
2026-04-26 14:21:45 [INFO] 2333.59 USDT | -0.01% | RSI: 76.4
2026-04-26 14:22:17 [INFO] 2333.95 USDT | 0.02% | RSI: 76.7
2026-04-26 14:22:49 [INFO] 2334.05 USDT | 0.00% | RSI: 76.8
2026-04-26 14:23:21 [INFO] 2334.76 USDT | 0.03% | RSI: 77.2
2026-04-26 14:23:53 [INFO] 2334.99 USDT | 0.01% | RSI: 77.4
2026-04-26 14:24:26 [INFO] 2336.18 USDT | 0.05% | RSI: 78.1
2026-04-26 14:24:58 [INFO] 2336.74 USDT | 0.02% | RSI: 78.4
2026-04-26 14:25:30 [INFO] 2337.68 USDT | 0.04% | RSI: 79.8
2026-04-26 14:26:02 [INFO] 2336.4 USDT | -0.05% | RSI: 79.0
2026-04-26 14:26:34 [INFO] 2337.53 USDT | 0.05% | RSI: 79.7
2026-04-26 14:27:06 [INFO] 2337.35 USDT | -0.01% | RSI: 79.6
2026-04-26 14:27:38 [INFO] 2336.73 USDT | -0.03% | RSI: 79.2
2026-04-26 14:28:10 [INFO] 2336.69 USDT | -0.00% | RSI: 79.2
2026-04-26 14:28:42 [INFO] 2336.54 USDT | -0.01% | RSI: 79.1
2026-04-26 14:29:14 [INFO] 2336.3 USDT | -0.01% | RSI: 79.0
2026-04-26 14:29:46 [INFO] 2336.63 USDT | 0.01% | RSI: 79.2
2026-04-26 14:30:18 [INFO] 2337.19 USDT | 0.02% | RSI: 78.8
2026-04-26 14:30:50 [INFO] 2337.58 USDT | 0.02% | RSI: 79.0
2026-04-26 14:31:22 [INFO] 2336.78 USDT | -0.03% | RSI: 78.5
2026-04-26 14:31:54 [INFO] 2336.83 USDT | 0.00% | RSI: 78.6
2026-04-26 14:32:26 [INFO] 2337.09 USDT | 0.01% | RSI: 78.7
2026-04-26 14:32:58 [INFO] 2337.08 USDT | -0.00% | RSI: 78.7
2026-04-26 14:33:00 [INFO] Nexus Active | ETHUSDT | M5
2026-04-26 14:33:30 [INFO] 2336.4 USDT | -0.03% | RSI: 78.3
2026-04-26 14:33:34 [INFO] 2336.58 USDT | 0.01% | RSI: 78.4
2026-04-26 14:34:02 [INFO] 2336.8 USDT | 0.02% | RSI: 78.5
2026-04-26 14:34:06 [INFO] 2336.88 USDT | 0.01% | RSI: 78.6
2026-04-26 14:34:35 [INFO] 2337.22 USDT | 0.02% | RSI: 78.8
2026-04-26 14:34:38 [INFO] 2337.21 USDT | 0.01% | RSI: 78.8
2026-04-26 14:35:07 [INFO] 2336.99 USDT | -0.01% | RSI: 77.8
2026-04-26 14:35:10 [INFO] 2336.99 USDT | -0.01% | RSI: 77.8
2026-04-26 14:35:39 [INFO] 2336.4 USDT | -0.03% | RSI: 77.4
2026-04-26 14:35:42 [INFO] 2336.33 USDT | -0.03% | RSI: 77.4
2026-04-26 14:36:13 [ERROR] Критична помилка в get_bitget_data: HTTPSConnectionPool(host='api.bitget.com', port=443): Max retries exceeded with url: /api/v2/spot/market/tickers?symbol=ETHUSDT (Caused by NameResolutionError("HTTPSConnection(host='api.bitget.com', port=443): Failed to resolve 'api.bitget.com' ([Errno 11001] getaddrinfo failed)"))
2026-04-26 14:36:13 [ERROR] API Error | Retry in 5s
2026-04-26 14:36:18 [ERROR] Критична помилка в get_bitget_data: HTTPSConnectionPool(host='api.bitget.com', port=443): Max retries exceeded with url: /api/v2/spot/market/tickers?symbol=ETHUSDT (Caused by NameResolutionError("HTTPSConnection(host='api.bitget.com', port=443): Failed to resolve 'api.bitget.com' ([Errno 11001] getaddrinfo failed)"))
2026-04-26 14:36:18 [ERROR] API Error | Retry in 5s
2026-04-26 14:36:20 [ERROR] Критична помилка в get_bitget_data: HTTPSConnectionPool(host='api.bitget.com', port=443): Max retries exceeded with url: /api/v2/spot/market/tickers?symbol=ETHUSDT (Caused by NewConnectionError("HTTPSConnection(host='api.bitget.com', port=443): Failed to establish a new connection: [WinError 10065] A socket operation was attempted to an unreachable host"))
2026-04-26 14:36:20 [ERROR] API Error | Retry in 5s
2026-04-26 14:36:23 [ERROR] Критична помилка в get_bitget_data: HTTPSConnectionPool(host='api.bitget.com', port=443): Max retries exceeded with url: /api/v2/spot/market/tickers?symbol=ETHUSDT (Caused by NameResolutionError("HTTPSConnection(host='api.bitget.com', port=443): Failed to resolve 'api.bitget.com' ([Errno 11001] getaddrinfo failed)"))
2026-04-26 14:36:23 [ERROR] API Error | Retry in 5s
2026-04-26 14:36:25 [ERROR] Критична помилка в get_bitget_data: HTTPSConnectionPool(host='api.bitget.com', port=443): Max retries exceeded with url: /api/v2/spot/market/tickers?symbol=ETHUSDT (Caused by NameResolutionError("HTTPSConnection(host='api.bitget.com', port=443): Failed to resolve 'api.bitget.com' ([Errno 11001] getaddrinfo failed)"))
2026-04-26 14:36:25 [ERROR] API Error | Retry in 5s
2026-04-26 14:36:28 [ERROR] Критична помилка в get_bitget_data: HTTPSConnectionPool(host='api.bitget.com', port=443): Max retries exceeded with url: /api/v2/spot/market/tickers?symbol=ETHUSDT (Caused by NameResolutionError("HTTPSConnection(host='api.bitget.com', port=443): Failed to resolve 'api.bitget.com' ([Errno 11001] getaddrinfo failed)"))
2026-04-26 14:36:28 [ERROR] API Error | Retry in 5s
2026-04-26 14:36:30 [ERROR] Критична помилка в get_bitget_data: HTTPSConnectionPool(host='api.bitget.com', port=443): Max retries exceeded with url: /api/v2/spot/market/tickers?symbol=ETHUSDT (Caused by NameResolutionError("HTTPSConnection(host='api.bitget.com', port=443): Failed to resolve 'api.bitget.com' ([Errno 11001] getaddrinfo failed)"))
2026-04-26 14:36:30 [ERROR] API Error | Retry in 5s
2026-04-26 14:36:33 [ERROR] Критична помилка в get_bitget_data: HTTPSConnectionPool(host='api.bitget.com', port=443): Max retries exceeded with url: /api/v2/spot/market/tickers?symbol=ETHUSDT (Caused by NameResolutionError("HTTPSConnection(host='api.bitget.com', port=443): Failed to resolve 'api.bitget.com' ([Errno 11001] getaddrinfo failed)"))
2026-04-26 14:36:33 [ERROR] API Error | Retry in 5s
2026-04-26 14:36:35 [ERROR] Критична помилка в get_bitget_data: HTTPSConnectionPool(host='api.bitget.com', port=443): Max retries exceeded with url: /api/v2/spot/market/tickers?symbol=ETHUSDT (Caused by NameResolutionError("HTTPSConnection(host='api.bitget.com', port=443): Failed to resolve 'api.bitget.com' ([Errno 11001] getaddrinfo failed)"))
2026-04-26 14:36:35 [ERROR] API Error | Retry in 5s
2026-04-26 14:36:38 [ERROR] Критична помилка в get_bitget_data: HTTPSConnectionPool(host='api.bitget.com', port=443): Max retries exceeded with url: /api/v2/spot/market/tickers?symbol=ETHUSDT (Caused by NameResolutionError("HTTPSConnection(host='api.bitget.com', port=443): Failed to resolve 'api.bitget.com' ([Errno 11001] getaddrinfo failed)"))
2026-04-26 14:36:38 [ERROR] API Error | Retry in 5s
2026-04-26 14:36:40 [ERROR] Критична помилка в get_bitget_data: HTTPSConnectionPool(host='api.bitget.com', port=443): Max retries exceeded with url: /api/v2/spot/market/tickers?symbol=ETHUSDT (Caused by NameResolutionError("HTTPSConnection(host='api.bitget.com', port=443): Failed to resolve 'api.bitget.com' ([Errno 11001] getaddrinfo failed)"))
2026-04-26 14:36:40 [ERROR] API Error | Retry in 5s
2026-04-26 14:36:43 [ERROR] Критична помилка в get_bitget_data: HTTPSConnectionPool(host='api.bitget.com', port=443): Max retries exceeded with url: /api/v2/spot/market/tickers?symbol=ETHUSDT (Caused by NameResolutionError("HTTPSConnection(host='api.bitget.com', port=443): Failed to resolve 'api.bitget.com' ([Errno 11001] getaddrinfo failed)"))
2026-04-26 14:36:43 [ERROR] API Error | Retry in 5s
2026-04-26 14:36:45 [ERROR] Критична помилка в get_bitget_data: HTTPSConnectionPool(host='api.bitget.com', port=443): Max retries exceeded with url: /api/v2/spot/market/tickers?symbol=ETHUSDT (Caused by NameResolutionError("HTTPSConnection(host='api.bitget.com', port=443): Failed to resolve 'api.bitget.com' ([Errno 11001] getaddrinfo failed)"))
2026-04-26 14:36:45 [ERROR] API Error | Retry in 5s
2026-04-26 14:36:48 [ERROR] Критична помилка в get_bitget_data: HTTPSConnectionPool(host='api.bitget.com', port=443): Max retries exceeded with url: /api/v2/spot/market/tickers?symbol=ETHUSDT (Caused by NameResolutionError("HTTPSConnection(host='api.bitget.com', port=443): Failed to resolve 'api.bitget.com' ([Errno 11001] getaddrinfo failed)"))
2026-04-26 14:36:48 [ERROR] API Error | Retry in 5s
2026-04-26 14:36:50 [ERROR] Критична помилка в get_bitget_data: HTTPSConnectionPool(host='api.bitget.com', port=443): Max retries exceeded with url: /api/v2/spot/market/tickers?symbol=ETHUSDT (Caused by NameResolutionError("HTTPSConnection(host='api.bitget.com', port=443): Failed to resolve 'api.bitget.com' ([Errno 11001] getaddrinfo failed)"))
2026-04-26 14:36:50 [ERROR] API Error | Retry in 5s
2026-04-26 14:36:53 [ERROR] Критична помилка в get_bitget_data: HTTPSConnectionPool(host='api.bitget.com', port=443): Max retries exceeded with url: /api/v2/spot/market/tickers?symbol=ETHUSDT (Caused by NameResolutionError("HTTPSConnection(host='api.bitget.com', port=443): Failed to resolve 'api.bitget.com' ([Errno 11001] getaddrinfo failed)"))
2026-04-26 14:36:53 [ERROR] API Error | Retry in 5s
2026-04-26 14:36:55 [ERROR] Критична помилка в get_bitget_data: HTTPSConnectionPool(host='api.bitget.com', port=443): Max retries exceeded with url: /api/v2/spot/market/tickers?symbol=ETHUSDT (Caused by NameResolutionError("HTTPSConnection(host='api.bitget.com', port=443): Failed to resolve 'api.bitget.com' ([Errno 11001] getaddrinfo failed)"))
2026-04-26 14:36:55 [ERROR] API Error | Retry in 5s
2026-04-26 14:36:58 [ERROR] Критична помилка в get_bitget_data: HTTPSConnectionPool(host='api.bitget.com', port=443): Max retries exceeded with url: /api/v2/spot/market/tickers?symbol=ETHUSDT (Caused by NameResolutionError("HTTPSConnection(host='api.bitget.com', port=443): Failed to resolve 'api.bitget.com' ([Errno 11001] getaddrinfo failed)"))
2026-04-26 14:36:58 [ERROR] API Error | Retry in 5s
2026-04-26 14:37:00 [ERROR] Критична помилка в get_bitget_data: HTTPSConnectionPool(host='api.bitget.com', port=443): Max retries exceeded with url: /api/v2/spot/market/tickers?symbol=ETHUSDT (Caused by NameResolutionError("HTTPSConnection(host='api.bitget.com', port=443): Failed to resolve 'api.bitget.com' ([Errno 11001] getaddrinfo failed)"))
2026-04-26 14:37:00 [ERROR] API Error | Retry in 5s
2026-04-26 14:37:03 [ERROR] Критична помилка в get_bitget_data: HTTPSConnectionPool(host='api.bitget.com', port=443): Max retries exceeded with url: /api/v2/spot/market/tickers?symbol=ETHUSDT (Caused by NameResolutionError("HTTPSConnection(host='api.bitget.com', port=443): Failed to resolve 'api.bitget.com' ([Errno 11001] getaddrinfo failed)"))
2026-04-26 14:37:03 [ERROR] API Error | Retry in 5s
2026-04-26 14:37:05 [ERROR] Критична помилка в get_bitget_data: HTTPSConnectionPool(host='api.bitget.com', port=443): Max retries exceeded with url: /api/v2/spot/market/tickers?symbol=ETHUSDT (Caused by NameResolutionError("HTTPSConnection(host='api.bitget.com', port=443): Failed to resolve 'api.bitget.com' ([Errno 11001] getaddrinfo failed)"))
2026-04-26 14:37:05 [ERROR] API Error | Retry in 5s
2026-04-26 14:37:08 [ERROR] Критична помилка в get_bitget_data: HTTPSConnectionPool(host='api.bitget.com', port=443): Max retries exceeded with url: /api/v2/spot/market/tickers?symbol=ETHUSDT (Caused by NameResolutionError("HTTPSConnection(host='api.bitget.com', port=443): Failed to resolve 'api.bitget.com' ([Errno 11001] getaddrinfo failed)"))
2026-04-26 14:37:08 [ERROR] API Error | Retry in 5s
2026-04-26 14:37:10 [ERROR] Критична помилка в get_bitget_data: HTTPSConnectionPool(host='api.bitget.com', port=443): Max retries exceeded with url: /api/v2/spot/market/tickers?symbol=ETHUSDT (Caused by NameResolutionError("HTTPSConnection(host='api.bitget.com', port=443): Failed to resolve 'api.bitget.com' ([Errno 11001] getaddrinfo failed)"))
2026-04-26 14:37:10 [ERROR] API Error | Retry in 5s
2026-04-26 14:37:13 [ERROR] Критична помилка в get_bitget_data: HTTPSConnectionPool(host='api.bitget.com', port=443): Max retries exceeded with url: /api/v2/spot/market/tickers?symbol=ETHUSDT (Caused by NameResolutionError("HTTPSConnection(host='api.bitget.com', port=443): Failed to resolve 'api.bitget.com' ([Errno 11001] getaddrinfo failed)"))
2026-04-26 14:37:13 [ERROR] API Error | Retry in 5s
2026-04-26 14:37:15 [ERROR] Критична помилка в get_bitget_data: HTTPSConnectionPool(host='api.bitget.com', port=443): Max retries exceeded with url: /api/v2/spot/market/tickers?symbol=ETHUSDT (Caused by NameResolutionError("HTTPSConnection(host='api.bitget.com', port=443): Failed to resolve 'api.bitget.com' ([Errno 11001] getaddrinfo failed)"))
2026-04-26 14:37:15 [ERROR] API Error | Retry in 5s
2026-04-26 14:37:18 [ERROR] Критична помилка в get_bitget_data: HTTPSConnectionPool(host='api.bitget.com', port=443): Max retries exceeded with url: /api/v2/spot/market/tickers?symbol=ETHUSDT (Caused by NameResolutionError("HTTPSConnection(host='api.bitget.com', port=443): Failed to resolve 'api.bitget.com' ([Errno 11001] getaddrinfo failed)"))
2026-04-26 14:37:18 [ERROR] API Error | Retry in 5s
2026-04-26 14:37:20 [ERROR] Критична помилка в get_bitget_data: HTTPSConnectionPool(host='api.bitget.com', port=443): Max retries exceeded with url: /api/v2/spot/market/tickers?symbol=ETHUSDT (Caused by NameResolutionError("HTTPSConnection(host='api.bitget.com', port=443): Failed to resolve 'api.bitget.com' ([Errno 11001] getaddrinfo failed)"))
2026-04-26 14:37:20 [ERROR] API Error | Retry in 5s
2026-04-26 14:37:23 [ERROR] Критична помилка в get_bitget_data: HTTPSConnectionPool(host='api.bitget.com', port=443): Max retries exceeded with url: /api/v2/spot/market/tickers?symbol=ETHUSDT (Caused by NameResolutionError("HTTPSConnection(host='api.bitget.com', port=443): Failed to resolve 'api.bitget.com' ([Errno 11001] getaddrinfo failed)"))
2026-04-26 14:37:23 [ERROR] API Error | Retry in 5s
2026-04-26 14:37:25 [ERROR] Критична помилка в get_bitget_data: HTTPSConnectionPool(host='api.bitget.com', port=443): Max retries exceeded with url: /api/v2/spot/market/tickers?symbol=ETHUSDT (Caused by NameResolutionError("HTTPSConnection(host='api.bitget.com', port=443): Failed to resolve 'api.bitget.com' ([Errno 11001] getaddrinfo failed)"))
2026-04-26 14:37:25 [ERROR] API Error | Retry in 5s
2026-04-26 14:37:28 [ERROR] Критична помилка в get_bitget_data: HTTPSConnectionPool(host='api.bitget.com', port=443): Max retries exceeded with url: /api/v2/spot/market/tickers?symbol=ETHUSDT (Caused by NameResolutionError("HTTPSConnection(host='api.bitget.com', port=443): Failed to resolve 'api.bitget.com' ([Errno 11001] getaddrinfo failed)"))
2026-04-26 14:37:28 [ERROR] API Error | Retry in 5s
2026-04-26 14:37:30 [ERROR] Критична помилка в get_bitget_data: HTTPSConnectionPool(host='api.bitget.com', port=443): Max retries exceeded with url: /api/v2/spot/market/tickers?symbol=ETHUSDT (Caused by NameResolutionError("HTTPSConnection(host='api.bitget.com', port=443): Failed to resolve 'api.bitget.com' ([Errno 11001] getaddrinfo failed)"))
2026-04-26 14:37:30 [ERROR] API Error | Retry in 5s
2026-04-26 14:37:33 [ERROR] Критична помилка в get_bitget_data: HTTPSConnectionPool(host='api.bitget.com', port=443): Max retries exceeded with url: /api/v2/spot/market/tickers?symbol=ETHUSDT (Caused by NameResolutionError("HTTPSConnection(host='api.bitget.com', port=443): Failed to resolve 'api.bitget.com' ([Errno 11001] getaddrinfo failed)"))
2026-04-26 14:37:33 [ERROR] API Error | Retry in 5s
2026-04-26 14:37:35 [ERROR] Критична помилка в get_bitget_data: HTTPSConnectionPool(host='api.bitget.com', port=443): Max retries exceeded with url: /api/v2/spot/market/tickers?symbol=ETHUSDT (Caused by NameResolutionError("HTTPSConnection(host='api.bitget.com', port=443): Failed to resolve 'api.bitget.com' ([Errno 11001] getaddrinfo failed)"))
2026-04-26 14:37:35 [ERROR] API Error | Retry in 5s
2026-04-26 14:37:38 [ERROR] Критична помилка в get_bitget_data: HTTPSConnectionPool(host='api.bitget.com', port=443): Max retries exceeded with url: /api/v2/spot/market/tickers?symbol=ETHUSDT (Caused by NameResolutionError("HTTPSConnection(host='api.bitget.com', port=443): Failed to resolve 'api.bitget.com' ([Errno 11001] getaddrinfo failed)"))
2026-04-26 14:37:38 [ERROR] API Error | Retry in 5s
2026-04-26 14:37:40 [ERROR] Критична помилка в get_bitget_data: HTTPSConnectionPool(host='api.bitget.com', port=443): Max retries exceeded with url: /api/v2/spot/market/tickers?symbol=ETHUSDT (Caused by NameResolutionError("HTTPSConnection(host='api.bitget.com', port=443): Failed to resolve 'api.bitget.com' ([Errno 11001] getaddrinfo failed)"))
2026-04-26 14:37:40 [ERROR] API Error | Retry in 5s
2026-04-26 14:37:43 [ERROR] Критична помилка в get_bitget_data: HTTPSConnectionPool(host='api.bitget.com', port=443): Max retries exceeded with url: /api/v2/spot/market/tickers?symbol=ETHUSDT (Caused by NameResolutionError("HTTPSConnection(host='api.bitget.com', port=443): Failed to resolve 'api.bitget.com' ([Errno 11001] getaddrinfo failed)"))
2026-04-26 14:37:43 [ERROR] API Error | Retry in 5s
2026-04-26 14:37:45 [ERROR] Критична помилка в get_bitget_data: HTTPSConnectionPool(host='api.bitget.com', port=443): Max retries exceeded with url: /api/v2/spot/market/tickers?symbol=ETHUSDT (Caused by NameResolutionError("HTTPSConnection(host='api.bitget.com', port=443): Failed to resolve 'api.bitget.com' ([Errno 11001] getaddrinfo failed)"))
2026-04-26 14:37:45 [ERROR] API Error | Retry in 5s
2026-04-26 14:37:48 [ERROR] Критична помилка в get_bitget_data: HTTPSConnectionPool(host='api.bitget.com', port=443): Max retries exceeded with url: /api/v2/spot/market/tickers?symbol=ETHUSDT (Caused by NameResolutionError("HTTPSConnection(host='api.bitget.com', port=443): Failed to resolve 'api.bitget.com' ([Errno 11001] getaddrinfo failed)"))
2026-04-26 14:37:48 [ERROR] API Error | Retry in 5s
2026-04-26 14:37:50 [ERROR] Критична помилка в get_bitget_data: HTTPSConnectionPool(host='api.bitget.com', port=443): Max retries exceeded with url: /api/v2/spot/market/tickers?symbol=ETHUSDT (Caused by NameResolutionError("HTTPSConnection(host='api.bitget.com', port=443): Failed to resolve 'api.bitget.com' ([Errno 11001] getaddrinfo failed)"))
2026-04-26 14:37:50 [ERROR] API Error | Retry in 5s
2026-04-26 14:37:53 [ERROR] Критична помилка в get_bitget_data: HTTPSConnectionPool(host='api.bitget.com', port=443): Max retries exceeded with url: /api/v2/spot/market/tickers?symbol=ETHUSDT (Caused by NameResolutionError("HTTPSConnection(host='api.bitget.com', port=443): Failed to resolve 'api.bitget.com' ([Errno 11001] getaddrinfo failed)"))
2026-04-26 14:37:53 [ERROR] API Error | Retry in 5s
2026-04-26 14:37:55 [ERROR] Критична помилка в get_bitget_data: HTTPSConnectionPool(host='api.bitget.com', port=443): Max retries exceeded with url: /api/v2/spot/market/tickers?symbol=ETHUSDT (Caused by NameResolutionError("HTTPSConnection(host='api.bitget.com', port=443): Failed to resolve 'api.bitget.com' ([Errno 11001] getaddrinfo failed)"))
2026-04-26 14:37:55 [ERROR] API Error | Retry in 5s
2026-04-26 14:37:58 [ERROR] Критична помилка в get_bitget_data: HTTPSConnectionPool(host='api.bitget.com', port=443): Max retries exceeded with url: /api/v2/spot/market/tickers?symbol=ETHUSDT (Caused by NameResolutionError("HTTPSConnection(host='api.bitget.com', port=443): Failed to resolve 'api.bitget.com' ([Errno 11001] getaddrinfo failed)"))
2026-04-26 14:37:58 [ERROR] API Error | Retry in 5s
2026-04-26 14:38:00 [ERROR] Критична помилка в get_bitget_data: HTTPSConnectionPool(host='api.bitget.com', port=443): Max retries exceeded with url: /api/v2/spot/market/tickers?symbol=ETHUSDT (Caused by NameResolutionError("HTTPSConnection(host='api.bitget.com', port=443): Failed to resolve 'api.bitget.com' ([Errno 11001] getaddrinfo failed)"))
2026-04-26 14:38:00 [ERROR] API Error | Retry in 5s
2026-04-26 14:38:03 [ERROR] Критична помилка в get_bitget_data: HTTPSConnectionPool(host='api.bitget.com', port=443): Max retries exceeded with url: /api/v2/spot/market/tickers?symbol=ETHUSDT (Caused by NameResolutionError("HTTPSConnection(host='api.bitget.com', port=443): Failed to resolve 'api.bitget.com' ([Errno 11001] getaddrinfo failed)"))
2026-04-26 14:38:03 [ERROR] API Error | Retry in 5s
2026-04-26 14:38:05 [ERROR] Критична помилка в get_bitget_data: HTTPSConnectionPool(host='api.bitget.com', port=443): Max retries exceeded with url: /api/v2/spot/market/tickers?symbol=ETHUSDT (Caused by NameResolutionError("HTTPSConnection(host='api.bitget.com', port=443): Failed to resolve 'api.bitget.com' ([Errno 11001] getaddrinfo failed)"))
2026-04-26 14:38:05 [ERROR] API Error | Retry in 5s
2026-04-26 14:38:08 [ERROR] Критична помилка в get_bitget_data: HTTPSConnectionPool(host='api.bitget.com', port=443): Max retries exceeded with url: /api/v2/spot/market/tickers?symbol=ETHUSDT (Caused by NameResolutionError("HTTPSConnection(host='api.bitget.com', port=443): Failed to resolve 'api.bitget.com' ([Errno 11001] getaddrinfo failed)"))
2026-04-26 14:38:08 [ERROR] API Error | Retry in 5s
2026-04-26 14:38:10 [ERROR] Критична помилка в get_bitget_data: HTTPSConnectionPool(host='api.bitget.com', port=443): Max retries exceeded with url: /api/v2/spot/market/tickers?symbol=ETHUSDT (Caused by NameResolutionError("HTTPSConnection(host='api.bitget.com', port=443): Failed to resolve 'api.bitget.com' ([Errno 11001] getaddrinfo failed)"))
2026-04-26 14:38:10 [ERROR] API Error | Retry in 5s
2026-04-26 14:38:13 [ERROR] Критична помилка в get_bitget_data: HTTPSConnectionPool(host='api.bitget.com', port=443): Max retries exceeded with url: /api/v2/spot/market/tickers?symbol=ETHUSDT (Caused by NameResolutionError("HTTPSConnection(host='api.bitget.com', port=443): Failed to resolve 'api.bitget.com' ([Errno 11001] getaddrinfo failed)"))
2026-04-26 14:38:13 [ERROR] API Error | Retry in 5s
2026-04-26 14:38:15 [ERROR] Критична помилка в get_bitget_data: HTTPSConnectionPool(host='api.bitget.com', port=443): Max retries exceeded with url: /api/v2/spot/market/tickers?symbol=ETHUSDT (Caused by NameResolutionError("HTTPSConnection(host='api.bitget.com', port=443): Failed to resolve 'api.bitget.com' ([Errno 11001] getaddrinfo failed)"))
2026-04-26 14:38:15 [ERROR] API Error | Retry in 5s
2026-04-26 14:38:18 [ERROR] Критична помилка в get_bitget_data: HTTPSConnectionPool(host='api.bitget.com', port=443): Max retries exceeded with url: /api/v2/spot/market/tickers?symbol=ETHUSDT (Caused by NameResolutionError("HTTPSConnection(host='api.bitget.com', port=443): Failed to resolve 'api.bitget.com' ([Errno 11001] getaddrinfo failed)"))
2026-04-26 14:38:18 [ERROR] API Error | Retry in 5s
2026-04-26 14:38:20 [ERROR] Критична помилка в get_bitget_data: HTTPSConnectionPool(host='api.bitget.com', port=443): Max retries exceeded with url: /api/v2/spot/market/tickers?symbol=ETHUSDT (Caused by NameResolutionError("HTTPSConnection(host='api.bitget.com', port=443): Failed to resolve 'api.bitget.com' ([Errno 11001] getaddrinfo failed)"))
2026-04-26 14:38:20 [ERROR] API Error | Retry in 5s
2026-04-26 14:38:23 [ERROR] Критична помилка в get_bitget_data: HTTPSConnectionPool(host='api.bitget.com', port=443): Max retries exceeded with url: /api/v2/spot/market/tickers?symbol=ETHUSDT (Caused by NameResolutionError("HTTPSConnection(host='api.bitget.com', port=443): Failed to resolve 'api.bitget.com' ([Errno 11001] getaddrinfo failed)"))
2026-04-26 14:38:23 [ERROR] API Error | Retry in 5s
2026-04-26 14:38:25 [ERROR] Критична помилка в get_bitget_data: HTTPSConnectionPool(host='api.bitget.com', port=443): Max retries exceeded with url: /api/v2/spot/market/tickers?symbol=ETHUSDT (Caused by NameResolutionError("HTTPSConnection(host='api.bitget.com', port=443): Failed to resolve 'api.bitget.com' ([Errno 11001] getaddrinfo failed)"))
2026-04-26 14:38:25 [ERROR] API Error | Retry in 5s
2026-04-26 14:38:28 [ERROR] Критична помилка в get_bitget_data: HTTPSConnectionPool(host='api.bitget.com', port=443): Max retries exceeded with url: /api/v2/spot/market/tickers?symbol=ETHUSDT (Caused by NameResolutionError("HTTPSConnection(host='api.bitget.com', port=443): Failed to resolve 'api.bitget.com' ([Errno 11001] getaddrinfo failed)"))
2026-04-26 14:38:28 [ERROR] API Error | Retry in 5s
2026-04-26 14:38:30 [ERROR] Критична помилка в get_bitget_data: HTTPSConnectionPool(host='api.bitget.com', port=443): Max retries exceeded with url: /api/v2/spot/market/tickers?symbol=ETHUSDT (Caused by NameResolutionError("HTTPSConnection(host='api.bitget.com', port=443): Failed to resolve 'api.bitget.com' ([Errno 11001] getaddrinfo failed)"))
2026-04-26 14:38:30 [ERROR] API Error | Retry in 5s
2026-04-26 14:38:33 [ERROR] Критична помилка в get_bitget_data: HTTPSConnectionPool(host='api.bitget.com', port=443): Max retries exceeded with url: /api/v2/spot/market/tickers?symbol=ETHUSDT (Caused by NameResolutionError("HTTPSConnection(host='api.bitget.com', port=443): Failed to resolve 'api.bitget.com' ([Errno 11001] getaddrinfo failed)"))
2026-04-26 14:38:33 [ERROR] API Error | Retry in 5s
2026-04-26 14:38:35 [ERROR] Критична помилка в get_bitget_data: HTTPSConnectionPool(host='api.bitget.com', port=443): Max retries exceeded with url: /api/v2/spot/market/tickers?symbol=ETHUSDT (Caused by NameResolutionError("HTTPSConnection(host='api.bitget.com', port=443): Failed to resolve 'api.bitget.com' ([Errno 11001] getaddrinfo failed)"))
2026-04-26 14:38:35 [ERROR] API Error | Retry in 5s
2026-04-26 14:38:38 [ERROR] Критична помилка в get_bitget_data: HTTPSConnectionPool(host='api.bitget.com', port=443): Max retries exceeded with url: /api/v2/spot/market/tickers?symbol=ETHUSDT (Caused by NameResolutionError("HTTPSConnection(host='api.bitget.com', port=443): Failed to resolve 'api.bitget.com' ([Errno 11001] getaddrinfo failed)"))
2026-04-26 14:38:38 [ERROR] API Error | Retry in 5s
2026-04-26 14:38:40 [ERROR] Критична помилка в get_bitget_data: HTTPSConnectionPool(host='api.bitget.com', port=443): Max retries exceeded with url: /api/v2/spot/market/tickers?symbol=ETHUSDT (Caused by NameResolutionError("HTTPSConnection(host='api.bitget.com', port=443): Failed to resolve 'api.bitget.com' ([Errno 11001] getaddrinfo failed)"))
2026-04-26 14:38:40 [ERROR] API Error | Retry in 5s
2026-04-26 14:38:43 [ERROR] Критична помилка в get_bitget_data: HTTPSConnectionPool(host='api.bitget.com', port=443): Max retries exceeded with url: /api/v2/spot/market/tickers?symbol=ETHUSDT (Caused by NameResolutionError("HTTPSConnection(host='api.bitget.com', port=443): Failed to resolve 'api.bitget.com' ([Errno 11001] getaddrinfo failed)"))
2026-04-26 14:38:43 [ERROR] API Error | Retry in 5s
2026-04-26 14:38:45 [ERROR] Критична помилка в get_bitget_data: HTTPSConnectionPool(host='api.bitget.com', port=443): Max retries exceeded with url: /api/v2/spot/market/tickers?symbol=ETHUSDT (Caused by NameResolutionError("HTTPSConnection(host='api.bitget.com', port=443): Failed to resolve 'api.bitget.com' ([Errno 11001] getaddrinfo failed)"))
2026-04-26 14:38:45 [ERROR] API Error | Retry in 5s
2026-04-26 14:38:48 [ERROR] Критична помилка в get_bitget_data: HTTPSConnectionPool(host='api.bitget.com', port=443): Max retries exceeded with url: /api/v2/spot/market/tickers?symbol=ETHUSDT (Caused by NameResolutionError("HTTPSConnection(host='api.bitget.com', port=443): Failed to resolve 'api.bitget.com' ([Errno 11001] getaddrinfo failed)"))
2026-04-26 14:38:48 [ERROR] API Error | Retry in 5s
2026-04-26 14:38:50 [ERROR] Критична помилка в get_bitget_data: HTTPSConnectionPool(host='api.bitget.com', port=443): Max retries exceeded with url: /api/v2/spot/market/tickers?symbol=ETHUSDT (Caused by NameResolutionError("HTTPSConnection(host='api.bitget.com', port=443): Failed to resolve 'api.bitget.com' ([Errno 11001] getaddrinfo failed)"))
2026-04-26 14:38:50 [ERROR] API Error | Retry in 5s
2026-04-26 14:38:53 [ERROR] Критична помилка в get_bitget_data: HTTPSConnectionPool(host='api.bitget.com', port=443): Max retries exceeded with url: /api/v2/spot/market/tickers?symbol=ETHUSDT (Caused by NameResolutionError("HTTPSConnection(host='api.bitget.com', port=443): Failed to resolve 'api.bitget.com' ([Errno 11001] getaddrinfo failed)"))
2026-04-26 14:38:53 [ERROR] API Error | Retry in 5s
2026-04-26 14:38:55 [ERROR] Критична помилка в get_bitget_data: HTTPSConnectionPool(host='api.bitget.com', port=443): Max retries exceeded with url: /api/v2/spot/market/tickers?symbol=ETHUSDT (Caused by NameResolutionError("HTTPSConnection(host='api.bitget.com', port=443): Failed to resolve 'api.bitget.com' ([Errno 11001] getaddrinfo failed)"))
2026-04-26 14:38:55 [ERROR] API Error | Retry in 5s
2026-04-26 14:38:58 [ERROR] Критична помилка в get_bitget_data: HTTPSConnectionPool(host='api.bitget.com', port=443): Max retries exceeded with url: /api/v2/spot/market/tickers?symbol=ETHUSDT (Caused by NameResolutionError("HTTPSConnection(host='api.bitget.com', port=443): Failed to resolve 'api.bitget.com' ([Errno 11001] getaddrinfo failed)"))
2026-04-26 14:38:58 [ERROR] API Error | Retry in 5s
2026-04-26 14:39:00 [ERROR] Критична помилка в get_bitget_data: HTTPSConnectionPool(host='api.bitget.com', port=443): Max retries exceeded with url: /api/v2/spot/market/tickers?symbol=ETHUSDT (Caused by NameResolutionError("HTTPSConnection(host='api.bitget.com', port=443): Failed to resolve 'api.bitget.com' ([Errno 11001] getaddrinfo failed)"))
2026-04-26 14:39:00 [ERROR] API Error | Retry in 5s
2026-04-26 14:39:03 [ERROR] Критична помилка в get_bitget_data: HTTPSConnectionPool(host='api.bitget.com', port=443): Max retries exceeded with url: /api/v2/spot/market/tickers?symbol=ETHUSDT (Caused by NameResolutionError("HTTPSConnection(host='api.bitget.com', port=443): Failed to resolve 'api.bitget.com' ([Errno 11001] getaddrinfo failed)"))
2026-04-26 14:39:03 [ERROR] API Error | Retry in 5s
2026-04-26 14:39:05 [ERROR] Критична помилка в get_bitget_data: HTTPSConnectionPool(host='api.bitget.com', port=443): Max retries exceeded with url: /api/v2/spot/market/tickers?symbol=ETHUSDT (Caused by NameResolutionError("HTTPSConnection(host='api.bitget.com', port=443): Failed to resolve 'api.bitget.com' ([Errno 11001] getaddrinfo failed)"))
2026-04-26 14:39:05 [ERROR] API Error | Retry in 5s
2026-04-26 14:39:08 [ERROR] Критична помилка в get_bitget_data: HTTPSConnectionPool(host='api.bitget.com', port=443): Max retries exceeded with url: /api/v2/spot/market/tickers?symbol=ETHUSDT (Caused by NameResolutionError("HTTPSConnection(host='api.bitget.com', port=443): Failed to resolve 'api.bitget.com' ([Errno 11001] getaddrinfo failed)"))
2026-04-26 14:39:08 [ERROR] API Error | Retry in 5s
2026-04-26 14:39:10 [ERROR] Критична помилка в get_bitget_data: HTTPSConnectionPool(host='api.bitget.com', port=443): Max retries exceeded with url: /api/v2/spot/market/tickers?symbol=ETHUSDT (Caused by NameResolutionError("HTTPSConnection(host='api.bitget.com', port=443): Failed to resolve 'api.bitget.com' ([Errno 11001] getaddrinfo failed)"))
2026-04-26 14:39:10 [ERROR] API Error | Retry in 5s
2026-04-26 14:39:13 [ERROR] Критична помилка в get_bitget_data: HTTPSConnectionPool(host='api.bitget.com', port=443): Max retries exceeded with url: /api/v2/spot/market/tickers?symbol=ETHUSDT (Caused by NameResolutionError("HTTPSConnection(host='api.bitget.com', port=443): Failed to resolve 'api.bitget.com' ([Errno 11001] getaddrinfo failed)"))
2026-04-26 14:39:13 [ERROR] API Error | Retry in 5s
2026-04-26 14:39:15 [ERROR] Критична помилка в get_bitget_data: HTTPSConnectionPool(host='api.bitget.com', port=443): Max retries exceeded with url: /api/v2/spot/market/tickers?symbol=ETHUSDT (Caused by NameResolutionError("HTTPSConnection(host='api.bitget.com', port=443): Failed to resolve 'api.bitget.com' ([Errno 11001] getaddrinfo failed)"))
2026-04-26 14:39:15 [ERROR] API Error | Retry in 5s
2026-04-26 14:39:18 [ERROR] Критична помилка в get_bitget_data: HTTPSConnectionPool(host='api.bitget.com', port=443): Max retries exceeded with url: /api/v2/spot/market/tickers?symbol=ETHUSDT (Caused by NameResolutionError("HTTPSConnection(host='api.bitget.com', port=443): Failed to resolve 'api.bitget.com' ([Errno 11001] getaddrinfo failed)"))
2026-04-26 14:39:18 [ERROR] API Error | Retry in 5s
2026-04-26 14:39:20 [ERROR] Критична помилка в get_bitget_data: HTTPSConnectionPool(host='api.bitget.com', port=443): Max retries exceeded with url: /api/v2/spot/market/tickers?symbol=ETHUSDT (Caused by NameResolutionError("HTTPSConnection(host='api.bitget.com', port=443): Failed to resolve 'api.bitget.com' ([Errno 11001] getaddrinfo failed)"))
2026-04-26 14:39:20 [ERROR] API Error | Retry in 5s
2026-04-26 14:39:23 [ERROR] Критична помилка в get_bitget_data: HTTPSConnectionPool(host='api.bitget.com', port=443): Max retries exceeded with url: /api/v2/spot/market/tickers?symbol=ETHUSDT (Caused by NameResolutionError("HTTPSConnection(host='api.bitget.com', port=443): Failed to resolve 'api.bitget.com' ([Errno 11001] getaddrinfo failed)"))
2026-04-26 14:39:23 [ERROR] API Error | Retry in 5s
2026-04-26 14:39:25 [ERROR] Критична помилка в get_bitget_data: HTTPSConnectionPool(host='api.bitget.com', port=443): Max retries exceeded with url: /api/v2/spot/market/tickers?symbol=ETHUSDT (Caused by NameResolutionError("HTTPSConnection(host='api.bitget.com', port=443): Failed to resolve 'api.bitget.com' ([Errno 11001] getaddrinfo failed)"))
2026-04-26 14:39:25 [ERROR] API Error | Retry in 5s
2026-04-26 14:39:28 [ERROR] Критична помилка в get_bitget_data: HTTPSConnectionPool(host='api.bitget.com', port=443): Max retries exceeded with url: /api/v2/spot/market/tickers?symbol=ETHUSDT (Caused by NameResolutionError("HTTPSConnection(host='api.bitget.com', port=443): Failed to resolve 'api.bitget.com' ([Errno 11001] getaddrinfo failed)"))
2026-04-26 14:39:28 [ERROR] API Error | Retry in 5s
2026-04-26 14:39:30 [ERROR] Критична помилка в get_bitget_data: HTTPSConnectionPool(host='api.bitget.com', port=443): Max retries exceeded with url: /api/v2/spot/market/tickers?symbol=ETHUSDT (Caused by NameResolutionError("HTTPSConnection(host='api.bitget.com', port=443): Failed to resolve 'api.bitget.com' ([Errno 11001] getaddrinfo failed)"))
2026-04-26 14:39:30 [ERROR] API Error | Retry in 5s
2026-04-26 14:39:33 [ERROR] Критична помилка в get_bitget_data: HTTPSConnectionPool(host='api.bitget.com', port=443): Max retries exceeded with url: /api/v2/spot/market/tickers?symbol=ETHUSDT (Caused by NameResolutionError("HTTPSConnection(host='api.bitget.com', port=443): Failed to resolve 'api.bitget.com' ([Errno 11001] getaddrinfo failed)"))
2026-04-26 14:39:33 [ERROR] API Error | Retry in 5s
2026-04-26 14:39:35 [ERROR] Критична помилка в get_bitget_data: HTTPSConnectionPool(host='api.bitget.com', port=443): Max retries exceeded with url: /api/v2/spot/market/tickers?symbol=ETHUSDT (Caused by NameResolutionError("HTTPSConnection(host='api.bitget.com', port=443): Failed to resolve 'api.bitget.com' ([Errno 11001] getaddrinfo failed)"))
2026-04-26 14:39:35 [ERROR] API Error | Retry in 5s
2026-04-26 14:39:38 [ERROR] Критична помилка в get_bitget_data: HTTPSConnectionPool(host='api.bitget.com', port=443): Max retries exceeded with url: /api/v2/spot/market/tickers?symbol=ETHUSDT (Caused by NameResolutionError("HTTPSConnection(host='api.bitget.com', port=443): Failed to resolve 'api.bitget.com' ([Errno 11001] getaddrinfo failed)"))
2026-04-26 14:39:38 [ERROR] API Error | Retry in 5s
2026-04-26 14:39:40 [ERROR] Критична помилка в get_bitget_data: HTTPSConnectionPool(host='api.bitget.com', port=443): Max retries exceeded with url: /api/v2/spot/market/tickers?symbol=ETHUSDT (Caused by NameResolutionError("HTTPSConnection(host='api.bitget.com', port=443): Failed to resolve 'api.bitget.com' ([Errno 11001] getaddrinfo failed)"))
2026-04-26 14:39:40 [ERROR] API Error | Retry in 5s
2026-04-26 14:39:43 [ERROR] Критична помилка в get_bitget_data: HTTPSConnectionPool(host='api.bitget.com', port=443): Max retries exceeded with url: /api/v2/spot/market/tickers?symbol=ETHUSDT (Caused by NameResolutionError("HTTPSConnection(host='api.bitget.com', port=443): Failed to resolve 'api.bitget.com' ([Errno 11001] getaddrinfo failed)"))
2026-04-26 14:39:43 [ERROR] API Error | Retry in 5s
2026-04-26 14:39:45 [ERROR] Критична помилка в get_bitget_data: HTTPSConnectionPool(host='api.bitget.com', port=443): Max retries exceeded with url: /api/v2/spot/market/tickers?symbol=ETHUSDT (Caused by NameResolutionError("HTTPSConnection(host='api.bitget.com', port=443): Failed to resolve 'api.bitget.com' ([Errno 11001] getaddrinfo failed)"))
2026-04-26 14:39:45 [ERROR] API Error | Retry in 5s
2026-04-26 14:39:51 [INFO] 2335.27 USDT | -0.05% | RSI: 76.7
2026-04-26 14:39:52 [INFO] 2335.27 USDT | -0.05% | RSI: 76.7
2026-04-26 14:40:22 [ERROR] Критична помилка в get_bitget_data: HTTPSConnectionPool(host='api.bitget.com', port=443): Max retries exceeded with url: /api/v2/spot/market/tickers?symbol=ETHUSDT (Caused by NameResolutionError("HTTPSConnection(host='api.bitget.com', port=443): Failed to resolve 'api.bitget.com' ([Errno 11001] getaddrinfo failed)"))
2026-04-26 14:40:22 [ERROR] API Error | Retry in 5s
2026-04-26 14:40:22 [ERROR] Критична помилка в get_bitget_data: HTTPSConnectionPool(host='api.bitget.com', port=443): Max retries exceeded with url: /api/v2/spot/market/tickers?symbol=ETHUSDT (Caused by NameResolutionError("HTTPSConnection(host='api.bitget.com', port=443): Failed to resolve 'api.bitget.com' ([Errno 11001] getaddrinfo failed)"))
2026-04-26 14:40:22 [ERROR] API Error | Retry in 5s
2026-04-26 14:40:28 [INFO] 2335.44 USDT | 0.01% | RSI: 76.0
2026-04-26 14:40:29 [INFO] 2335.44 USDT | 0.01% | RSI: 76.0
2026-04-26 14:41:00 [INFO] 2335.74 USDT | 0.01% | RSI: 76.1
2026-04-26 14:41:01 [INFO] 2335.74 USDT | 0.01% | RSI: 76.1
2026-04-26 14:41:32 [INFO] 2336.2 USDT | 0.02% | RSI: 76.4
2026-04-26 14:41:33 [INFO] 2336.2 USDT | 0.02% | RSI: 76.4
2026-04-26 14:42:05 [INFO] 2336.24 USDT | 0.00% | RSI: 76.4
2026-04-26 14:42:05 [INFO] 2336.24 USDT | 0.00% | RSI: 76.4
2026-04-26 14:42:37 [INFO] 2336.35 USDT | 0.00% | RSI: 76.5
2026-04-26 14:42:37 [INFO] 2336.35 USDT | 0.00% | RSI: 76.5
2026-04-26 14:43:09 [INFO] 2336.35 USDT | 0.00% | RSI: 76.5
2026-04-26 14:43:09 [INFO] 2336.35 USDT | 0.00% | RSI: 76.5
2026-04-26 14:43:41 [INFO] 2335.88 USDT | -0.02% | RSI: 76.2
2026-04-26 14:43:41 [INFO] 2335.88 USDT | -0.02% | RSI: 76.2
2026-04-26 14:44:13 [INFO] 2335.52 USDT | -0.02% | RSI: 76.0
2026-04-26 14:44:13 [INFO] 2335.52 USDT | -0.02% | RSI: 76.0
2026-04-26 14:44:45 [INFO] 2335.42 USDT | -0.00% | RSI: 75.9
2026-04-26 14:44:45 [INFO] 2335.42 USDT | -0.00% | RSI: 75.9
2026-04-26 14:45:17 [INFO] 2335.43 USDT | 0.00% | RSI: 74.9
2026-04-26 14:45:17 [INFO] 2335.43 USDT | 0.00% | RSI: 74.9
2026-04-26 14:45:49 [INFO] 2335.0 USDT | -0.02% | RSI: 74.6
2026-04-26 14:45:49 [INFO] 2335.0 USDT | -0.02% | RSI: 74.6
2026-04-26 14:46:21 [INFO] 2334.72 USDT | -0.01% | RSI: 74.4
2026-04-26 14:46:21 [INFO] 2334.72 USDT | -0.01% | RSI: 74.4
2026-04-26 14:46:53 [INFO] 2334.55 USDT | -0.01% | RSI: 74.3
2026-04-26 14:46:53 [INFO] 2334.55 USDT | -0.01% | RSI: 74.3
2026-04-26 14:47:26 [INFO] 2334.4 USDT | -0.01% | RSI: 74.2
2026-04-26 14:47:26 [INFO] 2334.4 USDT | -0.01% | RSI: 74.2
2026-04-26 14:47:58 [INFO] 2334.15 USDT | -0.01% | RSI: 74.0
2026-04-26 14:47:58 [INFO] 2334.07 USDT | -0.01% | RSI: 74.0
2026-04-26 14:48:30 [INFO] 2334.5 USDT | 0.01% | RSI: 74.3
2026-04-26 14:48:30 [INFO] 2334.5 USDT | 0.02% | RSI: 74.3
2026-04-26 14:49:02 [INFO] 2334.6 USDT | 0.00% | RSI: 74.3
2026-04-26 14:49:02 [INFO] 2334.6 USDT | 0.00% | RSI: 74.3
